<!DOCTYPE html PUBLIC "-//W3C//DTD XHTML 1.1//EN" "http://www.w3.org/TR/xhtml11/DTD/xhtml11.dtd">
<html xmlns="http://www.w3.org/1999/xhtml">
<head>
<meta http-equiv="content-type" content="text/html; charset=UTF-8"/>
<title>TestNG Report</title>
<style type="text/css">table {margin-bottom:10px;border-collapse:collapse;empty-cells:show}th,td {border:1px solid #009;padding:.25em .5em}th {vertical-align:bottom}td {vertical-align:top}table a {font-weight:bold}.stripe td {background-color: #E6EBF9}.num {text-align:right}.passedodd td {background-color: #3F3}.passedeven td {background-color: #0A0}.skippedodd td {background-color: #DDD}.skippedeven td {background-color: #CCC}.failedodd td,.attn {background-color: #F33}.failedeven td,.stripe .attn {background-color: #D00}.stacktrace {white-space:pre;font-family:monospace}.totop {font-size:85%;text-align:center;border-bottom:2px solid #000}.invisible {display:none}</style>
</head>
<body>
<table>
<tr><th>Test</th><th># Passed</th><th># Skipped</th><th># Retried</th><th># Failed</th><th>Time (ms)</th><th>Included Groups</th><th>Excluded Groups</th></tr>
<tr><th colspan="7">Command line suite</th></tr>
<tr><td><a href="#t0">Command line test</a></td><td class="num">1</td><td class="num attn">9</td><td class="num">0</td><td class="num">0</td><td class="num">95,320</td><td></td><td></td></tr>
</table>
<table id='summary'><thead><tr><th>Class</th><th>Method</th><th>Start</th><th>Time (ms)</th></tr></thead><tbody><tr><th colspan="4">Command line suite</th></tr></tbody><tbody id="t0"><tr><th colspan="4">Command line test &#8212; failed (configuration methods)</th></tr><tr class="failedeven"><td rowspan="1">freeCrm.testCases.ContactsPageTest</td><td><a href="#m0">setUp</a></td><td rowspan="1">1576557180633</td><td rowspan="1">16965</td></tr><tr class="failedodd"><td rowspan="1">freeCrm.testCases.HomePageTest</td><td><a href="#m1">setUp</a></td><td rowspan="1">1576557197681</td><td rowspan="1">16034</td></tr><tr class="failedeven"><td rowspan="1">freeCrm.testCases.LoginPageTest</td><td><a href="#m2">setUp</a></td><td rowspan="1">1576557213748</td><td rowspan="1">16202</td></tr><tr><th colspan="4">Command line test &#8212; skipped (configuration methods)</th></tr><tr class="skippedeven"><td rowspan="1">freeCrm.testCases.ContactsPageTest</td><td><a href="#m3">tearDown</a></td><td rowspan="1">1576557197678</td><td rowspan="1">-1576557197678</td></tr><tr class="skippedodd"><td rowspan="7">freeCrm.testCases.HomePageTest</td><td><a href="#m4">setUp</a></td><td rowspan="3">1576557213730</td><td rowspan="3">-1576557213730</td></tr><tr class="skippedodd"><td><a href="#m5">setUp</a></td></tr><tr class="skippedodd"><td><a href="#m6">setUp</a></td></tr><tr class="skippedodd"><td><a href="#m7">tearDown</a></td><td rowspan="4">1576557213738</td><td rowspan="4">-1576557213738</td></tr><tr class="skippedodd"><td><a href="#m8">tearDown</a></td></tr><tr class="skippedodd"><td><a href="#m9">tearDown</a></td></tr><tr class="skippedodd"><td><a href="#m10">tearDown</a></td></tr><tr class="skippedeven"><td rowspan="7">freeCrm.testCases.LoginPageTest</td><td><a href="#m11">setUp</a></td><td rowspan="3">1576557229966</td><td rowspan="3">-1576557229966</td></tr><tr class="skippedeven"><td><a href="#m12">setUp</a></td></tr><tr class="skippedeven"><td><a href="#m13">setUp</a></td></tr><tr class="skippedeven"><td><a href="#m14">tearDown</a></td><td rowspan="4">1576557229963</td><td rowspan="4">-1576557229963</td></tr><tr class="skippedeven"><td><a href="#m15">tearDown</a></td></tr><tr class="skippedeven"><td><a href="#m16">tearDown</a></td></tr><tr class="skippedeven"><td><a href="#m17">tearDown</a></td></tr><tr><th colspan="4">Command line test &#8212; skipped</th></tr><tr class="skippedeven"><td rowspan="1">freeCrm.testCases.ContactsPageTest</td><td><a href="#m18">checkboxContactsByNameTest</a></td><td rowspan="1">1576557197678</td><td rowspan="1">0</td></tr><tr class="skippedodd"><td rowspan="4">freeCrm.testCases.HomePageTest</td><td><a href="#m19">calendarLinkTest</a></td><td rowspan="1">1576557213737</td><td rowspan="1">0</td></tr><tr class="skippedodd"><td><a href="#m20">clickOncontactsLinkTest</a></td><td rowspan="1">1576557213743</td><td rowspan="1">0</td></tr><tr class="skippedodd"><td><a href="#m21">homePageTitleTest</a></td><td rowspan="1">1576557213725</td><td rowspan="1">0</td></tr><tr class="skippedodd"><td><a href="#m22">userNameTextTest</a></td><td rowspan="1">1576557213731</td><td rowspan="1">0</td></tr><tr class="skippedeven"><td rowspan="4">freeCrm.testCases.LoginPageTest</td><td><a href="#m23">crmLogoTest</a></td><td rowspan="1">1576557229961</td><td rowspan="1">0</td></tr><tr class="skippedeven"><td><a href="#m24">loginPageTitleTest</a></td><td rowspan="1">1576557229956</td><td rowspan="1">0</td></tr><tr class="skippedeven"><td><a href="#m25">loginTest</a></td><td rowspan="1">1576557229972</td><td rowspan="1">0</td></tr><tr class="skippedeven"><td><a href="#m26">signUpLinkTest</a></td><td rowspan="1">1576557229967</td><td rowspan="1">0</td></tr><tr><th colspan="4">Command line test &#8212; passed</th></tr><tr class="passedeven"><td rowspan="1">freeCrm.testCases.ContactsPageTest</td><td><a href="#m27">validateContactsPageLabelTest</a></td><td rowspan="1">1576557177882</td><td rowspan="1">1206</td></tr></tbody>
</table>
<h2>Command line test</h2><h3 id="m0">freeCrm.testCases.ContactsPageTest#setUp</h3><table class="result"><tr><th>Exception</th></tr><tr><td><div class="stacktrace">org.openqa.selenium.NoSuchWindowException: no such window: target window already closed
from unknown error: web view not found
  (Session info: chrome=78.0.3904.108)
Build info: version: &apos;3.141.59&apos;, revision: &apos;e82be7d358&apos;, time: &apos;2018-11-14T08:17:03&apos;
System info: host: &apos;UTPAL&apos;, ip: &apos;192.168.43.166&apos;, os.name: &apos;Windows 10&apos;, os.arch: &apos;amd64&apos;, os.version: &apos;10.0&apos;, java.version: &apos;1.8.0_212&apos;
Driver info: org.openqa.selenium.chrome.ChromeDriver
Capabilities {acceptInsecureCerts: false, browserName: chrome, browserVersion: 78.0.3904.108, chrome: {chromedriverVersion: 77.0.3865.40 (f484704e052e0..., userDataDir: C:\Users\UTPALF~1\AppData\L...}, goog:chromeOptions: {debuggerAddress: localhost:53615}, javascriptEnabled: true, networkConnectionEnabled: false, pageLoadStrategy: normal, platform: XP, platformName: XP, proxy: Proxy(), setWindowRect: true, strictFileInteractability: false, timeouts: {implicit: 0, pageLoad: 300000, script: 30000}, unhandledPromptBehavior: dismiss and notify}
Session ID: c9bbed0fa3397af4e7df4629a558e21d
*** Element info: {Using=xpath, value=//a[contains(@class, &apos;btn btn-primary btn-xs-2 btn-shadow&apos;)]}
	at org.openqa.selenium.remote.http.W3CHttpResponseCodec.createException(W3CHttpResponseCodec.java:187)
	at org.openqa.selenium.remote.http.W3CHttpResponseCodec.decode(W3CHttpResponseCodec.java:122)
	at org.openqa.selenium.remote.http.W3CHttpResponseCodec.decode(W3CHttpResponseCodec.java:49)
	at org.openqa.selenium.remote.HttpCommandExecutor.execute(HttpCommandExecutor.java:158)
	at org.openqa.selenium.remote.service.DriverCommandExecutor.execute(DriverCommandExecutor.java:83)
	at org.openqa.selenium.remote.RemoteWebDriver.execute(RemoteWebDriver.java:552)
	at org.openqa.selenium.remote.RemoteWebDriver.findElement(RemoteWebDriver.java:323)
	at org.openqa.selenium.remote.RemoteWebDriver.findElementByXPath(RemoteWebDriver.java:428)
	at org.openqa.selenium.By$ByXPath.findElement(By.java:353)
	at org.openqa.selenium.remote.RemoteWebDriver.findElement(RemoteWebDriver.java:315)
	at org.openqa.selenium.support.pagefactory.DefaultElementLocator.findElement(DefaultElementLocator.java:69)
	at org.openqa.selenium.support.pagefactory.internal.LocatingElementHandler.invoke(LocatingElementHandler.java:38)
	at com.sun.proxy.$Proxy7.click(Unknown Source)
	at freeCrm.pages.LoginPage.login(LoginPage.java:66)
	at freeCrm.testCases.ContactsPageTest.setUp(ContactsPageTest.java:35)
	at java.util.ArrayList.forEach(Unknown Source)
... Removed 45 stack frames</div></td></tr></table><p class="totop"><a href="#summary">back to summary</a></p>
<h3 id="m1">freeCrm.testCases.HomePageTest#setUp</h3><table class="result"><tr><th>Exception</th></tr><tr><td><div class="stacktrace">org.openqa.selenium.SessionNotCreatedException: session not created
from chrome not reachable
  (Session info: chrome=78.0.3904.108)
Build info: version: &apos;3.141.59&apos;, revision: &apos;e82be7d358&apos;, time: &apos;2018-11-14T08:17:03&apos;
System info: host: &apos;UTPAL&apos;, ip: &apos;192.168.43.166&apos;, os.name: &apos;Windows 10&apos;, os.arch: &apos;amd64&apos;, os.version: &apos;10.0&apos;, java.version: &apos;1.8.0_212&apos;
Driver info: driver.version: ChromeDriver
remote stacktrace: Backtrace:
	Ordinal0 [0x0037EB13+1501971]
	Ordinal0 [0x002FF6D1+980689]
	Ordinal0 [0x00287508+488712]
	Ordinal0 [0x0028131A+463642]
	Ordinal0 [0x002819C8+465352]
	Ordinal0 [0x00282AA5+469669]
	Ordinal0 [0x0027EC85+453765]
	Ordinal0 [0x00288330+492336]
	Ordinal0 [0x0023A108+172296]
	Ordinal0 [0x0023942D+169005]
	Ordinal0 [0x002378EB+162027]
	Ordinal0 [0x00220AC7+68295]
	Ordinal0 [0x00221B40+72512]
	Ordinal0 [0x00221AD9+72409]
	Ordinal0 [0x00318F37+1085239]
	GetHandleVerifier [0x0041D7ED+503293]
	GetHandleVerifier [0x0041D580+502672]
	GetHandleVerifier [0x004246AC+531644]
	GetHandleVerifier [0x0041DFFA+505354]
	Ordinal0 [0x00310606+1050118]
	Ordinal0 [0x0031047F+1049727]
	Ordinal0 [0x0031AF9B+1093531]
	Ordinal0 [0x0031B103+1093891]
	Ordinal0 [0x0031A095+1089685]
	BaseThreadInitThunk [0x76696359+25]
	RtlGetAppContainerNamedObjectPath [0x77377B74+228]
	RtlGetAppContainerNamedObjectPath [0x77377B44+180]

	at org.openqa.selenium.remote.W3CHandshakeResponse.lambda$errorHandler$0(W3CHandshakeResponse.java:62)
	at org.openqa.selenium.remote.HandshakeResponse.lambda$getResponseFunction$0(HandshakeResponse.java:30)
	at org.openqa.selenium.remote.ProtocolHandshake.lambda$createSession$0(ProtocolHandshake.java:126)
	at java.util.stream.ReferencePipeline$3$1.accept(Unknown Source)
	at java.util.Spliterators$ArraySpliterator.tryAdvance(Unknown Source)
	at java.util.stream.ReferencePipeline.forEachWithCancel(Unknown Source)
	at java.util.stream.AbstractPipeline.copyIntoWithCancel(Unknown Source)
	at java.util.stream.AbstractPipeline.copyInto(Unknown Source)
	at java.util.stream.AbstractPipeline.wrapAndCopyInto(Unknown Source)
	at java.util.stream.FindOps$FindOp.evaluateSequential(Unknown Source)
	at java.util.stream.AbstractPipeline.evaluate(Unknown Source)
	at java.util.stream.ReferencePipeline.findFirst(Unknown Source)
	at org.openqa.selenium.remote.ProtocolHandshake.createSession(ProtocolHandshake.java:128)
	at org.openqa.selenium.remote.ProtocolHandshake.createSession(ProtocolHandshake.java:74)
	at org.openqa.selenium.remote.HttpCommandExecutor.execute(HttpCommandExecutor.java:136)
	at org.openqa.selenium.remote.service.DriverCommandExecutor.execute(DriverCommandExecutor.java:83)
	at org.openqa.selenium.remote.RemoteWebDriver.execute(RemoteWebDriver.java:552)
	at org.openqa.selenium.remote.RemoteWebDriver.startSession(RemoteWebDriver.java:213)
	at org.openqa.selenium.remote.RemoteWebDriver.&lt;init&gt;(RemoteWebDriver.java:131)
	at org.openqa.selenium.chrome.ChromeDriver.&lt;init&gt;(ChromeDriver.java:181)
	at org.openqa.selenium.chrome.ChromeDriver.&lt;init&gt;(ChromeDriver.java:168)
	at org.openqa.selenium.chrome.ChromeDriver.&lt;init&gt;(ChromeDriver.java:123)
	at freeCrm.base.BaseClassTest.init(BaseClassTest.java:37)
	at freeCrm.testCases.HomePageTest.setUp(HomePageTest.java:32)
	at java.util.ArrayList.forEach(Unknown Source)
... Removed 45 stack frames</div></td></tr></table><p class="totop"><a href="#summary">back to summary</a></p>
<h3 id="m2">freeCrm.testCases.LoginPageTest#setUp</h3><table class="result"><tr><th>Exception</th></tr><tr><td><div class="stacktrace">org.openqa.selenium.SessionNotCreatedException: session not created
from chrome not reachable
  (Session info: chrome=78.0.3904.108)
Build info: version: &apos;3.141.59&apos;, revision: &apos;e82be7d358&apos;, time: &apos;2018-11-14T08:17:03&apos;
System info: host: &apos;UTPAL&apos;, ip: &apos;192.168.43.166&apos;, os.name: &apos;Windows 10&apos;, os.arch: &apos;amd64&apos;, os.version: &apos;10.0&apos;, java.version: &apos;1.8.0_212&apos;
Driver info: driver.version: ChromeDriver
remote stacktrace: Backtrace:
	Ordinal0 [0x0037EB13+1501971]
	Ordinal0 [0x002FF6D1+980689]
	Ordinal0 [0x00287508+488712]
	Ordinal0 [0x0028131A+463642]
	Ordinal0 [0x002819C8+465352]
	Ordinal0 [0x00282AA5+469669]
	Ordinal0 [0x0027EC85+453765]
	Ordinal0 [0x00288330+492336]
	Ordinal0 [0x0023A108+172296]
	Ordinal0 [0x0023942D+169005]
	Ordinal0 [0x002378EB+162027]
	Ordinal0 [0x00220AC7+68295]
	Ordinal0 [0x00221B40+72512]
	Ordinal0 [0x00221AD9+72409]
	Ordinal0 [0x00318F37+1085239]
	GetHandleVerifier [0x0041D7ED+503293]
	GetHandleVerifier [0x0041D580+502672]
	GetHandleVerifier [0x004246AC+531644]
	GetHandleVerifier [0x0041DFFA+505354]
	Ordinal0 [0x00310606+1050118]
	Ordinal0 [0x0031047F+1049727]
	Ordinal0 [0x0031AF9B+1093531]
	Ordinal0 [0x0031B103+1093891]
	Ordinal0 [0x0031A095+1089685]
	BaseThreadInitThunk [0x76696359+25]
	RtlGetAppContainerNamedObjectPath [0x77377B74+228]
	RtlGetAppContainerNamedObjectPath [0x77377B44+180]

	at org.openqa.selenium.remote.W3CHandshakeResponse.lambda$errorHandler$0(W3CHandshakeResponse.java:62)
	at org.openqa.selenium.remote.HandshakeResponse.lambda$getResponseFunction$0(HandshakeResponse.java:30)
	at org.openqa.selenium.remote.ProtocolHandshake.lambda$createSession$0(ProtocolHandshake.java:126)
	at java.util.stream.ReferencePipeline$3$1.accept(Unknown Source)
	at java.util.Spliterators$ArraySpliterator.tryAdvance(Unknown Source)
	at java.util.stream.ReferencePipeline.forEachWithCancel(Unknown Source)
	at java.util.stream.AbstractPipeline.copyIntoWithCancel(Unknown Source)
	at java.util.stream.AbstractPipeline.copyInto(Unknown Source)
	at java.util.stream.AbstractPipeline.wrapAndCopyInto(Unknown Source)
	at java.util.stream.FindOps$FindOp.evaluateSequential(Unknown Source)
	at java.util.stream.AbstractPipeline.evaluate(Unknown Source)
	at java.util.stream.ReferencePipeline.findFirst(Unknown Source)
	at org.openqa.selenium.remote.ProtocolHandshake.createSession(ProtocolHandshake.java:128)
	at org.openqa.selenium.remote.ProtocolHandshake.createSession(ProtocolHandshake.java:74)
	at org.openqa.selenium.remote.HttpCommandExecutor.execute(HttpCommandExecutor.java:136)
	at org.openqa.selenium.remote.service.DriverCommandExecutor.execute(DriverCommandExecutor.java:83)
	at org.openqa.selenium.remote.RemoteWebDriver.execute(RemoteWebDriver.java:552)
	at org.openqa.selenium.remote.RemoteWebDriver.startSession(RemoteWebDriver.java:213)
	at org.openqa.selenium.remote.RemoteWebDriver.&lt;init&gt;(RemoteWebDriver.java:131)
	at org.openqa.selenium.chrome.ChromeDriver.&lt;init&gt;(ChromeDriver.java:181)
	at org.openqa.selenium.chrome.ChromeDriver.&lt;init&gt;(ChromeDriver.java:168)
	at org.openqa.selenium.chrome.ChromeDriver.&lt;init&gt;(ChromeDriver.java:123)
	at freeCrm.base.BaseClassTest.init(BaseClassTest.java:37)
	at freeCrm.testCases.LoginPageTest.setUp(LoginPageTest.java:26)
	at java.util.ArrayList.forEach(Unknown Source)
... Removed 45 stack frames</div></td></tr></table><p class="totop"><a href="#summary">back to summary</a></p>
<h3 id="m3">freeCrm.testCases.ContactsPageTest#tearDown</h3><table class="result"><tr><th class="invisible"/></tr></table><p class="totop"><a href="#summary">back to summary</a></p>
<h3 id="m4">freeCrm.testCases.HomePageTest#setUp</h3><table class="result"><tr><th class="invisible"/></tr></table><p class="totop"><a href="#summary">back to summary</a></p>
<h3 id="m5">freeCrm.testCases.HomePageTest#setUp</h3><table class="result"><tr><th class="invisible"/></tr></table><p class="totop"><a href="#summary">back to summary</a></p>
<h3 id="m6">freeCrm.testCases.HomePageTest#setUp</h3><table class="result"><tr><th class="invisible"/></tr></table><p class="totop"><a href="#summary">back to summary</a></p>
<h3 id="m7">freeCrm.testCases.HomePageTest#tearDown</h3><table class="result"><tr><th class="invisible"/></tr></table><p class="totop"><a href="#summary">back to summary</a></p>
<h3 id="m8">freeCrm.testCases.HomePageTest#tearDown</h3><table class="result"><tr><th class="invisible"/></tr></table><p class="totop"><a href="#summary">back to summary</a></p>
<h3 id="m9">freeCrm.testCases.HomePageTest#tearDown</h3><table class="result"><tr><th class="invisible"/></tr></table><p class="totop"><a href="#summary">back to summary</a></p>
<h3 id="m10">freeCrm.testCases.HomePageTest#tearDown</h3><table class="result"><tr><th class="invisible"/></tr></table><p class="totop"><a href="#summary">back to summary</a></p>
<h3 id="m11">freeCrm.testCases.LoginPageTest#setUp</h3><table class="result"><tr><th class="invisible"/></tr></table><p class="totop"><a href="#summary">back to summary</a></p>
<h3 id="m12">freeCrm.testCases.LoginPageTest#setUp</h3><table class="result"><tr><th class="invisible"/></tr></table><p class="totop"><a href="#summary">back to summary</a></p>
<h3 id="m13">freeCrm.testCases.LoginPageTest#setUp</h3><table class="result"><tr><th class="invisible"/></tr></table><p class="totop"><a href="#summary">back to summary</a></p>
<h3 id="m14">freeCrm.testCases.LoginPageTest#tearDown</h3><table class="result"><tr><th class="invisible"/></tr></table><p class="totop"><a href="#summary">back to summary</a></p>
<h3 id="m15">freeCrm.testCases.LoginPageTest#tearDown</h3><table class="result"><tr><th class="invisible"/></tr></table><p class="totop"><a href="#summary">back to summary</a></p>
<h3 id="m16">freeCrm.testCases.LoginPageTest#tearDown</h3><table class="result"><tr><th class="invisible"/></tr></table><p class="totop"><a href="#summary">back to summary</a></p>
<h3 id="m17">freeCrm.testCases.LoginPageTest#tearDown</h3><table class="result"><tr><th class="invisible"/></tr></table><p class="totop"><a href="#summary">back to summary</a></p>
<h3 id="m18">freeCrm.testCases.ContactsPageTest#checkboxContactsByNameTest</h3><table class="result"><tr><th>Exception</th></tr><tr><td><div class="stacktrace">org.openqa.selenium.NoSuchWindowException: no such window: target window already closed
from unknown error: web view not found
  (Session info: chrome=78.0.3904.108)
Build info: version: &apos;3.141.59&apos;, revision: &apos;e82be7d358&apos;, time: &apos;2018-11-14T08:17:03&apos;
System info: host: &apos;UTPAL&apos;, ip: &apos;192.168.43.166&apos;, os.name: &apos;Windows 10&apos;, os.arch: &apos;amd64&apos;, os.version: &apos;10.0&apos;, java.version: &apos;1.8.0_212&apos;
Driver info: org.openqa.selenium.chrome.ChromeDriver
Capabilities {acceptInsecureCerts: false, browserName: chrome, browserVersion: 78.0.3904.108, chrome: {chromedriverVersion: 77.0.3865.40 (f484704e052e0..., userDataDir: C:\Users\UTPALF~1\AppData\L...}, goog:chromeOptions: {debuggerAddress: localhost:53615}, javascriptEnabled: true, networkConnectionEnabled: false, pageLoadStrategy: normal, platform: XP, platformName: XP, proxy: Proxy(), setWindowRect: true, strictFileInteractability: false, timeouts: {implicit: 0, pageLoad: 300000, script: 30000}, unhandledPromptBehavior: dismiss and notify}
Session ID: c9bbed0fa3397af4e7df4629a558e21d
*** Element info: {Using=xpath, value=//a[contains(@class, &apos;btn btn-primary btn-xs-2 btn-shadow&apos;)]}
	at org.openqa.selenium.remote.http.W3CHttpResponseCodec.createException(W3CHttpResponseCodec.java:187)
	at org.openqa.selenium.remote.http.W3CHttpResponseCodec.decode(W3CHttpResponseCodec.java:122)
	at org.openqa.selenium.remote.http.W3CHttpResponseCodec.decode(W3CHttpResponseCodec.java:49)
	at org.openqa.selenium.remote.HttpCommandExecutor.execute(HttpCommandExecutor.java:158)
	at org.openqa.selenium.remote.service.DriverCommandExecutor.execute(DriverCommandExecutor.java:83)
	at org.openqa.selenium.remote.RemoteWebDriver.execute(RemoteWebDriver.java:552)
	at org.openqa.selenium.remote.RemoteWebDriver.findElement(RemoteWebDriver.java:323)
	at org.openqa.selenium.remote.RemoteWebDriver.findElementByXPath(RemoteWebDriver.java:428)
	at org.openqa.selenium.By$ByXPath.findElement(By.java:353)
	at org.openqa.selenium.remote.RemoteWebDriver.findElement(RemoteWebDriver.java:315)
	at org.openqa.selenium.support.pagefactory.DefaultElementLocator.findElement(DefaultElementLocator.java:69)
	at org.openqa.selenium.support.pagefactory.internal.LocatingElementHandler.invoke(LocatingElementHandler.java:38)
	at com.sun.proxy.$Proxy7.click(Unknown Source)
	at freeCrm.pages.LoginPage.login(LoginPage.java:66)
	at freeCrm.testCases.ContactsPageTest.setUp(ContactsPageTest.java:35)
	at java.util.ArrayList.forEach(Unknown Source)
... Removed 45 stack frames</div></td></tr></table><p class="totop"><a href="#summary">back to summary</a></p>
<h3 id="m19">freeCrm.testCases.HomePageTest#calendarLinkTest</h3><table class="result"><tr><th>Exception</th></tr><tr><td><div class="stacktrace">org.openqa.selenium.SessionNotCreatedException: session not created
from chrome not reachable
  (Session info: chrome=78.0.3904.108)
Build info: version: &apos;3.141.59&apos;, revision: &apos;e82be7d358&apos;, time: &apos;2018-11-14T08:17:03&apos;
System info: host: &apos;UTPAL&apos;, ip: &apos;192.168.43.166&apos;, os.name: &apos;Windows 10&apos;, os.arch: &apos;amd64&apos;, os.version: &apos;10.0&apos;, java.version: &apos;1.8.0_212&apos;
Driver info: driver.version: ChromeDriver
remote stacktrace: Backtrace:
	Ordinal0 [0x0037EB13+1501971]
	Ordinal0 [0x002FF6D1+980689]
	Ordinal0 [0x00287508+488712]
	Ordinal0 [0x0028131A+463642]
	Ordinal0 [0x002819C8+465352]
	Ordinal0 [0x00282AA5+469669]
	Ordinal0 [0x0027EC85+453765]
	Ordinal0 [0x00288330+492336]
	Ordinal0 [0x0023A108+172296]
	Ordinal0 [0x0023942D+169005]
	Ordinal0 [0x002378EB+162027]
	Ordinal0 [0x00220AC7+68295]
	Ordinal0 [0x00221B40+72512]
	Ordinal0 [0x00221AD9+72409]
	Ordinal0 [0x00318F37+1085239]
	GetHandleVerifier [0x0041D7ED+503293]
	GetHandleVerifier [0x0041D580+502672]
	GetHandleVerifier [0x004246AC+531644]
	GetHandleVerifier [0x0041DFFA+505354]
	Ordinal0 [0x00310606+1050118]
	Ordinal0 [0x0031047F+1049727]
	Ordinal0 [0x0031AF9B+1093531]
	Ordinal0 [0x0031B103+1093891]
	Ordinal0 [0x0031A095+1089685]
	BaseThreadInitThunk [0x76696359+25]
	RtlGetAppContainerNamedObjectPath [0x77377B74+228]
	RtlGetAppContainerNamedObjectPath [0x77377B44+180]

	at org.openqa.selenium.remote.W3CHandshakeResponse.lambda$errorHandler$0(W3CHandshakeResponse.java:62)
	at org.openqa.selenium.remote.HandshakeResponse.lambda$getResponseFunction$0(HandshakeResponse.java:30)
	at org.openqa.selenium.remote.ProtocolHandshake.lambda$createSession$0(ProtocolHandshake.java:126)
	at java.util.stream.ReferencePipeline$3$1.accept(Unknown Source)
	at java.util.Spliterators$ArraySpliterator.tryAdvance(Unknown Source)
	at java.util.stream.ReferencePipeline.forEachWithCancel(Unknown Source)
	at java.util.stream.AbstractPipeline.copyIntoWithCancel(Unknown Source)
	at java.util.stream.AbstractPipeline.copyInto(Unknown Source)
	at java.util.stream.AbstractPipeline.wrapAndCopyInto(Unknown Source)
	at java.util.stream.FindOps$FindOp.evaluateSequential(Unknown Source)
	at java.util.stream.AbstractPipeline.evaluate(Unknown Source)
	at java.util.stream.ReferencePipeline.findFirst(Unknown Source)
	at org.openqa.selenium.remote.ProtocolHandshake.createSession(ProtocolHandshake.java:128)
	at org.openqa.selenium.remote.ProtocolHandshake.createSession(ProtocolHandshake.java:74)
	at org.openqa.selenium.remote.HttpCommandExecutor.execute(HttpCommandExecutor.java:136)
	at org.openqa.selenium.remote.service.DriverCommandExecutor.execute(DriverCommandExecutor.java:83)
	at org.openqa.selenium.remote.RemoteWebDriver.execute(RemoteWebDriver.java:552)
	at org.openqa.selenium.remote.RemoteWebDriver.startSession(RemoteWebDriver.java:213)
	at org.openqa.selenium.remote.RemoteWebDriver.&lt;init&gt;(RemoteWebDriver.java:131)
	at org.openqa.selenium.chrome.ChromeDriver.&lt;init&gt;(ChromeDriver.java:181)
	at org.openqa.selenium.chrome.ChromeDriver.&lt;init&gt;(ChromeDriver.java:168)
	at org.openqa.selenium.chrome.ChromeDriver.&lt;init&gt;(ChromeDriver.java:123)
	at freeCrm.base.BaseClassTest.init(BaseClassTest.java:37)
	at freeCrm.testCases.HomePageTest.setUp(HomePageTest.java:32)
	at java.util.ArrayList.forEach(Unknown Source)
... Removed 45 stack frames</div></td></tr></table><p class="totop"><a href="#summary">back to summary</a></p>
<h3 id="m20">freeCrm.testCases.HomePageTest#clickOncontactsLinkTest</h3><table class="result"><tr><th>Exception</th></tr><tr><td><div class="stacktrace">org.openqa.selenium.SessionNotCreatedException: session not created
from chrome not reachable
  (Session info: chrome=78.0.3904.108)
Build info: version: &apos;3.141.59&apos;, revision: &apos;e82be7d358&apos;, time: &apos;2018-11-14T08:17:03&apos;
System info: host: &apos;UTPAL&apos;, ip: &apos;192.168.43.166&apos;, os.name: &apos;Windows 10&apos;, os.arch: &apos;amd64&apos;, os.version: &apos;10.0&apos;, java.version: &apos;1.8.0_212&apos;
Driver info: driver.version: ChromeDriver
remote stacktrace: Backtrace:
	Ordinal0 [0x0037EB13+1501971]
	Ordinal0 [0x002FF6D1+980689]
	Ordinal0 [0x00287508+488712]
	Ordinal0 [0x0028131A+463642]
	Ordinal0 [0x002819C8+465352]
	Ordinal0 [0x00282AA5+469669]
	Ordinal0 [0x0027EC85+453765]
	Ordinal0 [0x00288330+492336]
	Ordinal0 [0x0023A108+172296]
	Ordinal0 [0x0023942D+169005]
	Ordinal0 [0x002378EB+162027]
	Ordinal0 [0x00220AC7+68295]
	Ordinal0 [0x00221B40+72512]
	Ordinal0 [0x00221AD9+72409]
	Ordinal0 [0x00318F37+1085239]
	GetHandleVerifier [0x0041D7ED+503293]
	GetHandleVerifier [0x0041D580+502672]
	GetHandleVerifier [0x004246AC+531644]
	GetHandleVerifier [0x0041DFFA+505354]
	Ordinal0 [0x00310606+1050118]
	Ordinal0 [0x0031047F+1049727]
	Ordinal0 [0x0031AF9B+1093531]
	Ordinal0 [0x0031B103+1093891]
	Ordinal0 [0x0031A095+1089685]
	BaseThreadInitThunk [0x76696359+25]
	RtlGetAppContainerNamedObjectPath [0x77377B74+228]
	RtlGetAppContainerNamedObjectPath [0x77377B44+180]

	at org.openqa.selenium.remote.W3CHandshakeResponse.lambda$errorHandler$0(W3CHandshakeResponse.java:62)
	at org.openqa.selenium.remote.HandshakeResponse.lambda$getResponseFunction$0(HandshakeResponse.java:30)
	at org.openqa.selenium.remote.ProtocolHandshake.lambda$createSession$0(ProtocolHandshake.java:126)
	at java.util.stream.ReferencePipeline$3$1.accept(Unknown Source)
	at java.util.Spliterators$ArraySpliterator.tryAdvance(Unknown Source)
	at java.util.stream.ReferencePipeline.forEachWithCancel(Unknown Source)
	at java.util.stream.AbstractPipeline.copyIntoWithCancel(Unknown Source)
	at java.util.stream.AbstractPipeline.copyInto(Unknown Source)
	at java.util.stream.AbstractPipeline.wrapAndCopyInto(Unknown Source)
	at java.util.stream.FindOps$FindOp.evaluateSequential(Unknown Source)
	at java.util.stream.AbstractPipeline.evaluate(Unknown Source)
	at java.util.stream.ReferencePipeline.findFirst(Unknown Source)
	at org.openqa.selenium.remote.ProtocolHandshake.createSession(ProtocolHandshake.java:128)
	at org.openqa.selenium.remote.ProtocolHandshake.createSession(ProtocolHandshake.java:74)
	at org.openqa.selenium.remote.HttpCommandExecutor.execute(HttpCommandExecutor.java:136)
	at org.openqa.selenium.remote.service.DriverCommandExecutor.execute(DriverCommandExecutor.java:83)
	at org.openqa.selenium.remote.RemoteWebDriver.execute(RemoteWebDriver.java:552)
	at org.openqa.selenium.remote.RemoteWebDriver.startSession(RemoteWebDriver.java:213)
	at org.openqa.selenium.remote.RemoteWebDriver.&lt;init&gt;(RemoteWebDriver.java:131)
	at org.openqa.selenium.chrome.ChromeDriver.&lt;init&gt;(ChromeDriver.java:181)
	at org.openqa.selenium.chrome.ChromeDriver.&lt;init&gt;(ChromeDriver.java:168)
	at org.openqa.selenium.chrome.ChromeDriver.&lt;init&gt;(ChromeDriver.java:123)
	at freeCrm.base.BaseClassTest.init(BaseClassTest.java:37)
	at freeCrm.testCases.HomePageTest.setUp(HomePageTest.java:32)
	at java.util.ArrayList.forEach(Unknown Source)
... Removed 45 stack frames</div></td></tr></table><p class="totop"><a href="#summary">back to summary</a></p>
<h3 id="m21">freeCrm.testCases.HomePageTest#homePageTitleTest</h3><table class="result"><tr><th>Exception</th></tr><tr><td><div class="stacktrace">org.openqa.selenium.SessionNotCreatedException: session not created
from chrome not reachable
  (Session info: chrome=78.0.3904.108)
Build info: version: &apos;3.141.59&apos;, revision: &apos;e82be7d358&apos;, time: &apos;2018-11-14T08:17:03&apos;
System info: host: &apos;UTPAL&apos;, ip: &apos;192.168.43.166&apos;, os.name: &apos;Windows 10&apos;, os.arch: &apos;amd64&apos;, os.version: &apos;10.0&apos;, java.version: &apos;1.8.0_212&apos;
Driver info: driver.version: ChromeDriver
remote stacktrace: Backtrace:
	Ordinal0 [0x0037EB13+1501971]
	Ordinal0 [0x002FF6D1+980689]
	Ordinal0 [0x00287508+488712]
	Ordinal0 [0x0028131A+463642]
	Ordinal0 [0x002819C8+465352]
	Ordinal0 [0x00282AA5+469669]
	Ordinal0 [0x0027EC85+453765]
	Ordinal0 [0x00288330+492336]
	Ordinal0 [0x0023A108+172296]
	Ordinal0 [0x0023942D+169005]
	Ordinal0 [0x002378EB+162027]
	Ordinal0 [0x00220AC7+68295]
	Ordinal0 [0x00221B40+72512]
	Ordinal0 [0x00221AD9+72409]
	Ordinal0 [0x00318F37+1085239]
	GetHandleVerifier [0x0041D7ED+503293]
	GetHandleVerifier [0x0041D580+502672]
	GetHandleVerifier [0x004246AC+531644]
	GetHandleVerifier [0x0041DFFA+505354]
	Ordinal0 [0x00310606+1050118]
	Ordinal0 [0x0031047F+1049727]
	Ordinal0 [0x0031AF9B+1093531]
	Ordinal0 [0x0031B103+1093891]
	Ordinal0 [0x0031A095+1089685]
	BaseThreadInitThunk [0x76696359+25]
	RtlGetAppContainerNamedObjectPath [0x77377B74+228]
	RtlGetAppContainerNamedObjectPath [0x77377B44+180]

	at org.openqa.selenium.remote.W3CHandshakeResponse.lambda$errorHandler$0(W3CHandshakeResponse.java:62)
	at org.openqa.selenium.remote.HandshakeResponse.lambda$getResponseFunction$0(HandshakeResponse.java:30)
	at org.openqa.selenium.remote.ProtocolHandshake.lambda$createSession$0(ProtocolHandshake.java:126)
	at java.util.stream.ReferencePipeline$3$1.accept(Unknown Source)
	at java.util.Spliterators$ArraySpliterator.tryAdvance(Unknown Source)
	at java.util.stream.ReferencePipeline.forEachWithCancel(Unknown Source)
	at java.util.stream.AbstractPipeline.copyIntoWithCancel(Unknown Source)
	at java.util.stream.AbstractPipeline.copyInto(Unknown Source)
	at java.util.stream.AbstractPipeline.wrapAndCopyInto(Unknown Source)
	at java.util.stream.FindOps$FindOp.evaluateSequential(Unknown Source)
	at java.util.stream.AbstractPipeline.evaluate(Unknown Source)
	at java.util.stream.ReferencePipeline.findFirst(Unknown Source)
	at org.openqa.selenium.remote.ProtocolHandshake.createSession(ProtocolHandshake.java:128)
	at org.openqa.selenium.remote.ProtocolHandshake.createSession(ProtocolHandshake.java:74)
	at org.openqa.selenium.remote.HttpCommandExecutor.execute(HttpCommandExecutor.java:136)
	at org.openqa.selenium.remote.service.DriverCommandExecutor.execute(DriverCommandExecutor.java:83)
	at org.openqa.selenium.remote.RemoteWebDriver.execute(RemoteWebDriver.java:552)
	at org.openqa.selenium.remote.RemoteWebDriver.startSession(RemoteWebDriver.java:213)
	at org.openqa.selenium.remote.RemoteWebDriver.&lt;init&gt;(RemoteWebDriver.java:131)
	at org.openqa.selenium.chrome.ChromeDriver.&lt;init&gt;(ChromeDriver.java:181)
	at org.openqa.selenium.chrome.ChromeDriver.&lt;init&gt;(ChromeDriver.java:168)
	at org.openqa.selenium.chrome.ChromeDriver.&lt;init&gt;(ChromeDriver.java:123)
	at freeCrm.base.BaseClassTest.init(BaseClassTest.java:37)
	at freeCrm.testCases.HomePageTest.setUp(HomePageTest.java:32)
	at java.util.ArrayList.forEach(Unknown Source)
... Removed 45 stack frames</div></td></tr></table><p class="totop"><a href="#summary">back to summary</a></p>
<h3 id="m22">freeCrm.testCases.HomePageTest#userNameTextTest</h3><table class="result"><tr><th>Exception</th></tr><tr><td><div class="stacktrace">org.openqa.selenium.SessionNotCreatedException: session not created
from chrome not reachable
  (Session info: chrome=78.0.3904.108)
Build info: version: &apos;3.141.59&apos;, revision: &apos;e82be7d358&apos;, time: &apos;2018-11-14T08:17:03&apos;
System info: host: &apos;UTPAL&apos;, ip: &apos;192.168.43.166&apos;, os.name: &apos;Windows 10&apos;, os.arch: &apos;amd64&apos;, os.version: &apos;10.0&apos;, java.version: &apos;1.8.0_212&apos;
Driver info: driver.version: ChromeDriver
remote stacktrace: Backtrace:
	Ordinal0 [0x0037EB13+1501971]
	Ordinal0 [0x002FF6D1+980689]
	Ordinal0 [0x00287508+488712]
	Ordinal0 [0x0028131A+463642]
	Ordinal0 [0x002819C8+465352]
	Ordinal0 [0x00282AA5+469669]
	Ordinal0 [0x0027EC85+453765]
	Ordinal0 [0x00288330+492336]
	Ordinal0 [0x0023A108+172296]
	Ordinal0 [0x0023942D+169005]
	Ordinal0 [0x002378EB+162027]
	Ordinal0 [0x00220AC7+68295]
	Ordinal0 [0x00221B40+72512]
	Ordinal0 [0x00221AD9+72409]
	Ordinal0 [0x00318F37+1085239]
	GetHandleVerifier [0x0041D7ED+503293]
	GetHandleVerifier [0x0041D580+502672]
	GetHandleVerifier [0x004246AC+531644]
	GetHandleVerifier [0x0041DFFA+505354]
	Ordinal0 [0x00310606+1050118]
	Ordinal0 [0x0031047F+1049727]
	Ordinal0 [0x0031AF9B+1093531]
	Ordinal0 [0x0031B103+1093891]
	Ordinal0 [0x0031A095+1089685]
	BaseThreadInitThunk [0x76696359+25]
	RtlGetAppContainerNamedObjectPath [0x77377B74+228]
	RtlGetAppContainerNamedObjectPath [0x77377B44+180]

	at org.openqa.selenium.remote.W3CHandshakeResponse.lambda$errorHandler$0(W3CHandshakeResponse.java:62)
	at org.openqa.selenium.remote.HandshakeResponse.lambda$getResponseFunction$0(HandshakeResponse.java:30)
	at org.openqa.selenium.remote.ProtocolHandshake.lambda$createSession$0(ProtocolHandshake.java:126)
	at java.util.stream.ReferencePipeline$3$1.accept(Unknown Source)
	at java.util.Spliterators$ArraySpliterator.tryAdvance(Unknown Source)
	at java.util.stream.ReferencePipeline.forEachWithCancel(Unknown Source)
	at java.util.stream.AbstractPipeline.copyIntoWithCancel(Unknown Source)
	at java.util.stream.AbstractPipeline.copyInto(Unknown Source)
	at java.util.stream.AbstractPipeline.wrapAndCopyInto(Unknown Source)
	at java.util.stream.FindOps$FindOp.evaluateSequential(Unknown Source)
	at java.util.stream.AbstractPipeline.evaluate(Unknown Source)
	at java.util.stream.ReferencePipeline.findFirst(Unknown Source)
	at org.openqa.selenium.remote.ProtocolHandshake.createSession(ProtocolHandshake.java:128)
	at org.openqa.selenium.remote.ProtocolHandshake.createSession(ProtocolHandshake.java:74)
	at org.openqa.selenium.remote.HttpCommandExecutor.execute(HttpCommandExecutor.java:136)
	at org.openqa.selenium.remote.service.DriverCommandExecutor.execute(DriverCommandExecutor.java:83)
	at org.openqa.selenium.remote.RemoteWebDriver.execute(RemoteWebDriver.java:552)
	at org.openqa.selenium.remote.RemoteWebDriver.startSession(RemoteWebDriver.java:213)
	at org.openqa.selenium.remote.RemoteWebDriver.&lt;init&gt;(RemoteWebDriver.java:131)
	at org.openqa.selenium.chrome.ChromeDriver.&lt;init&gt;(ChromeDriver.java:181)
	at org.openqa.selenium.chrome.ChromeDriver.&lt;init&gt;(ChromeDriver.java:168)
	at org.openqa.selenium.chrome.ChromeDriver.&lt;init&gt;(ChromeDriver.java:123)
	at freeCrm.base.BaseClassTest.init(BaseClassTest.java:37)
	at freeCrm.testCases.HomePageTest.setUp(HomePageTest.java:32)
	at java.util.ArrayList.forEach(Unknown Source)
... Removed 45 stack frames</div></td></tr></table><p class="totop"><a href="#summary">back to summary</a></p>
<h3 id="m23">freeCrm.testCases.LoginPageTest#crmLogoTest</h3><table class="result"><tr><th>Exception</th></tr><tr><td><div class="stacktrace">org.openqa.selenium.SessionNotCreatedException: session not created
from chrome not reachable
  (Session info: chrome=78.0.3904.108)
Build info: version: &apos;3.141.59&apos;, revision: &apos;e82be7d358&apos;, time: &apos;2018-11-14T08:17:03&apos;
System info: host: &apos;UTPAL&apos;, ip: &apos;192.168.43.166&apos;, os.name: &apos;Windows 10&apos;, os.arch: &apos;amd64&apos;, os.version: &apos;10.0&apos;, java.version: &apos;1.8.0_212&apos;
Driver info: driver.version: ChromeDriver
remote stacktrace: Backtrace:
	Ordinal0 [0x0037EB13+1501971]
	Ordinal0 [0x002FF6D1+980689]
	Ordinal0 [0x00287508+488712]
	Ordinal0 [0x0028131A+463642]
	Ordinal0 [0x002819C8+465352]
	Ordinal0 [0x00282AA5+469669]
	Ordinal0 [0x0027EC85+453765]
	Ordinal0 [0x00288330+492336]
	Ordinal0 [0x0023A108+172296]
	Ordinal0 [0x0023942D+169005]
	Ordinal0 [0x002378EB+162027]
	Ordinal0 [0x00220AC7+68295]
	Ordinal0 [0x00221B40+72512]
	Ordinal0 [0x00221AD9+72409]
	Ordinal0 [0x00318F37+1085239]
	GetHandleVerifier [0x0041D7ED+503293]
	GetHandleVerifier [0x0041D580+502672]
	GetHandleVerifier [0x004246AC+531644]
	GetHandleVerifier [0x0041DFFA+505354]
	Ordinal0 [0x00310606+1050118]
	Ordinal0 [0x0031047F+1049727]
	Ordinal0 [0x0031AF9B+1093531]
	Ordinal0 [0x0031B103+1093891]
	Ordinal0 [0x0031A095+1089685]
	BaseThreadInitThunk [0x76696359+25]
	RtlGetAppContainerNamedObjectPath [0x77377B74+228]
	RtlGetAppContainerNamedObjectPath [0x77377B44+180]

	at org.openqa.selenium.remote.W3CHandshakeResponse.lambda$errorHandler$0(W3CHandshakeResponse.java:62)
	at org.openqa.selenium.remote.HandshakeResponse.lambda$getResponseFunction$0(HandshakeResponse.java:30)
	at org.openqa.selenium.remote.ProtocolHandshake.lambda$createSession$0(ProtocolHandshake.java:126)
	at java.util.stream.ReferencePipeline$3$1.accept(Unknown Source)
	at java.util.Spliterators$ArraySpliterator.tryAdvance(Unknown Source)
	at java.util.stream.ReferencePipeline.forEachWithCancel(Unknown Source)
	at java.util.stream.AbstractPipeline.copyIntoWithCancel(Unknown Source)
	at java.util.stream.AbstractPipeline.copyInto(Unknown Source)
	at java.util.stream.AbstractPipeline.wrapAndCopyInto(Unknown Source)
	at java.util.stream.FindOps$FindOp.evaluateSequential(Unknown Source)
	at java.util.stream.AbstractPipeline.evaluate(Unknown Source)
	at java.util.stream.ReferencePipeline.findFirst(Unknown Source)
	at org.openqa.selenium.remote.ProtocolHandshake.createSession(ProtocolHandshake.java:128)
	at org.openqa.selenium.remote.ProtocolHandshake.createSession(ProtocolHandshake.java:74)
	at org.openqa.selenium.remote.HttpCommandExecutor.execute(HttpCommandExecutor.java:136)
	at org.openqa.selenium.remote.service.DriverCommandExecutor.execute(DriverCommandExecutor.java:83)
	at org.openqa.selenium.remote.RemoteWebDriver.execute(RemoteWebDriver.java:552)
	at org.openqa.selenium.remote.RemoteWebDriver.startSession(RemoteWebDriver.java:213)
	at org.openqa.selenium.remote.RemoteWebDriver.&lt;init&gt;(RemoteWebDriver.java:131)
	at org.openqa.selenium.chrome.ChromeDriver.&lt;init&gt;(ChromeDriver.java:181)
	at org.openqa.selenium.chrome.ChromeDriver.&lt;init&gt;(ChromeDriver.java:168)
	at org.openqa.selenium.chrome.ChromeDriver.&lt;init&gt;(ChromeDriver.java:123)
	at freeCrm.base.BaseClassTest.init(BaseClassTest.java:37)
	at freeCrm.testCases.LoginPageTest.setUp(LoginPageTest.java:26)
	at java.util.ArrayList.forEach(Unknown Source)
... Removed 45 stack frames</div></td></tr></table><p class="totop"><a href="#summary">back to summary</a></p>
<h3 id="m24">freeCrm.testCases.LoginPageTest#loginPageTitleTest</h3><table class="result"><tr><th>Exception</th></tr><tr><td><div class="stacktrace">org.openqa.selenium.SessionNotCreatedException: session not created
from chrome not reachable
  (Session info: chrome=78.0.3904.108)
Build info: version: &apos;3.141.59&apos;, revision: &apos;e82be7d358&apos;, time: &apos;2018-11-14T08:17:03&apos;
System info: host: &apos;UTPAL&apos;, ip: &apos;192.168.43.166&apos;, os.name: &apos;Windows 10&apos;, os.arch: &apos;amd64&apos;, os.version: &apos;10.0&apos;, java.version: &apos;1.8.0_212&apos;
Driver info: driver.version: ChromeDriver
remote stacktrace: Backtrace:
	Ordinal0 [0x0037EB13+1501971]
	Ordinal0 [0x002FF6D1+980689]
	Ordinal0 [0x00287508+488712]
	Ordinal0 [0x0028131A+463642]
	Ordinal0 [0x002819C8+465352]
	Ordinal0 [0x00282AA5+469669]
	Ordinal0 [0x0027EC85+453765]
	Ordinal0 [0x00288330+492336]
	Ordinal0 [0x0023A108+172296]
	Ordinal0 [0x0023942D+169005]
	Ordinal0 [0x002378EB+162027]
	Ordinal0 [0x00220AC7+68295]
	Ordinal0 [0x00221B40+72512]
	Ordinal0 [0x00221AD9+72409]
	Ordinal0 [0x00318F37+1085239]
	GetHandleVerifier [0x0041D7ED+503293]
	GetHandleVerifier [0x0041D580+502672]
	GetHandleVerifier [0x004246AC+531644]
	GetHandleVerifier [0x0041DFFA+505354]
	Ordinal0 [0x00310606+1050118]
	Ordinal0 [0x0031047F+1049727]
	Ordinal0 [0x0031AF9B+1093531]
	Ordinal0 [0x0031B103+1093891]
	Ordinal0 [0x0031A095+1089685]
	BaseThreadInitThunk [0x76696359+25]
	RtlGetAppContainerNamedObjectPath [0x77377B74+228]
	RtlGetAppContainerNamedObjectPath [0x77377B44+180]

	at org.openqa.selenium.remote.W3CHandshakeResponse.lambda$errorHandler$0(W3CHandshakeResponse.java:62)
	at org.openqa.selenium.remote.HandshakeResponse.lambda$getResponseFunction$0(HandshakeResponse.java:30)
	at org.openqa.selenium.remote.ProtocolHandshake.lambda$createSession$0(ProtocolHandshake.java:126)
	at java.util.stream.ReferencePipeline$3$1.accept(Unknown Source)
	at java.util.Spliterators$ArraySpliterator.tryAdvance(Unknown Source)
	at java.util.stream.ReferencePipeline.forEachWithCancel(Unknown Source)
	at java.util.stream.AbstractPipeline.copyIntoWithCancel(Unknown Source)
	at java.util.stream.AbstractPipeline.copyInto(Unknown Source)
	at java.util.stream.AbstractPipeline.wrapAndCopyInto(Unknown Source)
	at java.util.stream.FindOps$FindOp.evaluateSequential(Unknown Source)
	at java.util.stream.AbstractPipeline.evaluate(Unknown Source)
	at java.util.stream.ReferencePipeline.findFirst(Unknown Source)
	at org.openqa.selenium.remote.ProtocolHandshake.createSession(ProtocolHandshake.java:128)
	at org.openqa.selenium.remote.ProtocolHandshake.createSession(ProtocolHandshake.java:74)
	at org.openqa.selenium.remote.HttpCommandExecutor.execute(HttpCommandExecutor.java:136)
	at org.openqa.selenium.remote.service.DriverCommandExecutor.execute(DriverCommandExecutor.java:83)
	at org.openqa.selenium.remote.RemoteWebDriver.execute(RemoteWebDriver.java:552)
	at org.openqa.selenium.remote.RemoteWebDriver.startSession(RemoteWebDriver.java:213)
	at org.openqa.selenium.remote.RemoteWebDriver.&lt;init&gt;(RemoteWebDriver.java:131)
	at org.openqa.selenium.chrome.ChromeDriver.&lt;init&gt;(ChromeDriver.java:181)
	at org.openqa.selenium.chrome.ChromeDriver.&lt;init&gt;(ChromeDriver.java:168)
	at org.openqa.selenium.chrome.ChromeDriver.&lt;init&gt;(ChromeDriver.java:123)
	at freeCrm.base.BaseClassTest.init(BaseClassTest.java:37)
	at freeCrm.testCases.LoginPageTest.setUp(LoginPageTest.java:26)
	at java.util.ArrayList.forEach(Unknown Source)
... Removed 45 stack frames</div></td></tr></table><p class="totop"><a href="#summary">back to summary</a></p>
<h3 id="m25">freeCrm.testCases.LoginPageTest#loginTest</h3><table class="result"><tr><th>Exception</th></tr><tr><td><div class="stacktrace">org.openqa.selenium.SessionNotCreatedException: session not created
from chrome not reachable
  (Session info: chrome=78.0.3904.108)
Build info: version: &apos;3.141.59&apos;, revision: &apos;e82be7d358&apos;, time: &apos;2018-11-14T08:17:03&apos;
System info: host: &apos;UTPAL&apos;, ip: &apos;192.168.43.166&apos;, os.name: &apos;Windows 10&apos;, os.arch: &apos;amd64&apos;, os.version: &apos;10.0&apos;, java.version: &apos;1.8.0_212&apos;
Driver info: driver.version: ChromeDriver
remote stacktrace: Backtrace:
	Ordinal0 [0x0037EB13+1501971]
	Ordinal0 [0x002FF6D1+980689]
	Ordinal0 [0x00287508+488712]
	Ordinal0 [0x0028131A+463642]
	Ordinal0 [0x002819C8+465352]
	Ordinal0 [0x00282AA5+469669]
	Ordinal0 [0x0027EC85+453765]
	Ordinal0 [0x00288330+492336]
	Ordinal0 [0x0023A108+172296]
	Ordinal0 [0x0023942D+169005]
	Ordinal0 [0x002378EB+162027]
	Ordinal0 [0x00220AC7+68295]
	Ordinal0 [0x00221B40+72512]
	Ordinal0 [0x00221AD9+72409]
	Ordinal0 [0x00318F37+1085239]
	GetHandleVerifier [0x0041D7ED+503293]
	GetHandleVerifier [0x0041D580+502672]
	GetHandleVerifier [0x004246AC+531644]
	GetHandleVerifier [0x0041DFFA+505354]
	Ordinal0 [0x00310606+1050118]
	Ordinal0 [0x0031047F+1049727]
	Ordinal0 [0x0031AF9B+1093531]
	Ordinal0 [0x0031B103+1093891]
	Ordinal0 [0x0031A095+1089685]
	BaseThreadInitThunk [0x76696359+25]
	RtlGetAppContainerNamedObjectPath [0x77377B74+228]
	RtlGetAppContainerNamedObjectPath [0x77377B44+180]

	at org.openqa.selenium.remote.W3CHandshakeResponse.lambda$errorHandler$0(W3CHandshakeResponse.java:62)
	at org.openqa.selenium.remote.HandshakeResponse.lambda$getResponseFunction$0(HandshakeResponse.java:30)
	at org.openqa.selenium.remote.ProtocolHandshake.lambda$createSession$0(ProtocolHandshake.java:126)
	at java.util.stream.ReferencePipeline$3$1.accept(Unknown Source)
	at java.util.Spliterators$ArraySpliterator.tryAdvance(Unknown Source)
	at java.util.stream.ReferencePipeline.forEachWithCancel(Unknown Source)
	at java.util.stream.AbstractPipeline.copyIntoWithCancel(Unknown Source)
	at java.util.stream.AbstractPipeline.copyInto(Unknown Source)
	at java.util.stream.AbstractPipeline.wrapAndCopyInto(Unknown Source)
	at java.util.stream.FindOps$FindOp.evaluateSequential(Unknown Source)
	at java.util.stream.AbstractPipeline.evaluate(Unknown Source)
	at java.util.stream.ReferencePipeline.findFirst(Unknown Source)
	at org.openqa.selenium.remote.ProtocolHandshake.createSession(ProtocolHandshake.java:128)
	at org.openqa.selenium.remote.ProtocolHandshake.createSession(ProtocolHandshake.java:74)
	at org.openqa.selenium.remote.HttpCommandExecutor.execute(HttpCommandExecutor.java:136)
	at org.openqa.selenium.remote.service.DriverCommandExecutor.execute(DriverCommandExecutor.java:83)
	at org.openqa.selenium.remote.RemoteWebDriver.execute(RemoteWebDriver.java:552)
	at org.openqa.selenium.remote.RemoteWebDriver.startSession(RemoteWebDriver.java:213)
	at org.openqa.selenium.remote.RemoteWebDriver.&lt;init&gt;(RemoteWebDriver.java:131)
	at org.openqa.selenium.chrome.ChromeDriver.&lt;init&gt;(ChromeDriver.java:181)
	at org.openqa.selenium.chrome.ChromeDriver.&lt;init&gt;(ChromeDriver.java:168)
	at org.openqa.selenium.chrome.ChromeDriver.&lt;init&gt;(ChromeDriver.java:123)
	at freeCrm.base.BaseClassTest.init(BaseClassTest.java:37)
	at freeCrm.testCases.LoginPageTest.setUp(LoginPageTest.java:26)
	at java.util.ArrayList.forEach(Unknown Source)
... Removed 45 stack frames</div></td></tr></table><p class="totop"><a href="#summary">back to summary</a></p>
<h3 id="m26">freeCrm.testCases.LoginPageTest#signUpLinkTest</h3><table class="result"><tr><th>Exception</th></tr><tr><td><div class="stacktrace">org.openqa.selenium.SessionNotCreatedException: session not created
from chrome not reachable
  (Session info: chrome=78.0.3904.108)
Build info: version: &apos;3.141.59&apos;, revision: &apos;e82be7d358&apos;, time: &apos;2018-11-14T08:17:03&apos;
System info: host: &apos;UTPAL&apos;, ip: &apos;192.168.43.166&apos;, os.name: &apos;Windows 10&apos;, os.arch: &apos;amd64&apos;, os.version: &apos;10.0&apos;, java.version: &apos;1.8.0_212&apos;
Driver info: driver.version: ChromeDriver
remote stacktrace: Backtrace:
	Ordinal0 [0x0037EB13+1501971]
	Ordinal0 [0x002FF6D1+980689]
	Ordinal0 [0x00287508+488712]
	Ordinal0 [0x0028131A+463642]
	Ordinal0 [0x002819C8+465352]
	Ordinal0 [0x00282AA5+469669]
	Ordinal0 [0x0027EC85+453765]
	Ordinal0 [0x00288330+492336]
	Ordinal0 [0x0023A108+172296]
	Ordinal0 [0x0023942D+169005]
	Ordinal0 [0x002378EB+162027]
	Ordinal0 [0x00220AC7+68295]
	Ordinal0 [0x00221B40+72512]
	Ordinal0 [0x00221AD9+72409]
	Ordinal0 [0x00318F37+1085239]
	GetHandleVerifier [0x0041D7ED+503293]
	GetHandleVerifier [0x0041D580+502672]
	GetHandleVerifier [0x004246AC+531644]
	GetHandleVerifier [0x0041DFFA+505354]
	Ordinal0 [0x00310606+1050118]
	Ordinal0 [0x0031047F+1049727]
	Ordinal0 [0x0031AF9B+1093531]
	Ordinal0 [0x0031B103+1093891]
	Ordinal0 [0x0031A095+1089685]
	BaseThreadInitThunk [0x76696359+25]
	RtlGetAppContainerNamedObjectPath [0x77377B74+228]
	RtlGetAppContainerNamedObjectPath [0x77377B44+180]

	at org.openqa.selenium.remote.W3CHandshakeResponse.lambda$errorHandler$0(W3CHandshakeResponse.java:62)
	at org.openqa.selenium.remote.HandshakeResponse.lambda$getResponseFunction$0(HandshakeResponse.java:30)
	at org.openqa.selenium.remote.ProtocolHandshake.lambda$createSession$0(ProtocolHandshake.java:126)
	at java.util.stream.ReferencePipeline$3$1.accept(Unknown Source)
	at java.util.Spliterators$ArraySpliterator.tryAdvance(Unknown Source)
	at java.util.stream.ReferencePipeline.forEachWithCancel(Unknown Source)
	at java.util.stream.AbstractPipeline.copyIntoWithCancel(Unknown Source)
	at java.util.stream.AbstractPipeline.copyInto(Unknown Source)
	at java.util.stream.AbstractPipeline.wrapAndCopyInto(Unknown Source)
	at java.util.stream.FindOps$FindOp.evaluateSequential(Unknown Source)
	at java.util.stream.AbstractPipeline.evaluate(Unknown Source)
	at java.util.stream.ReferencePipeline.findFirst(Unknown Source)
	at org.openqa.selenium.remote.ProtocolHandshake.createSession(ProtocolHandshake.java:128)
	at org.openqa.selenium.remote.ProtocolHandshake.createSession(ProtocolHandshake.java:74)
	at org.openqa.selenium.remote.HttpCommandExecutor.execute(HttpCommandExecutor.java:136)
	at org.openqa.selenium.remote.service.DriverCommandExecutor.execute(DriverCommandExecutor.java:83)
	at org.openqa.selenium.remote.RemoteWebDriver.execute(RemoteWebDriver.java:552)
	at org.openqa.selenium.remote.RemoteWebDriver.startSession(RemoteWebDriver.java:213)
	at org.openqa.selenium.remote.RemoteWebDriver.&lt;init&gt;(RemoteWebDriver.java:131)
	at org.openqa.selenium.chrome.ChromeDriver.&lt;init&gt;(ChromeDriver.java:181)
	at org.openqa.selenium.chrome.ChromeDriver.&lt;init&gt;(ChromeDriver.java:168)
	at org.openqa.selenium.chrome.ChromeDriver.&lt;init&gt;(ChromeDriver.java:123)
	at freeCrm.base.BaseClassTest.init(BaseClassTest.java:37)
	at freeCrm.testCases.LoginPageTest.setUp(LoginPageTest.java:26)
	at java.util.ArrayList.forEach(Unknown Source)
... Removed 45 stack frames</div></td></tr></table><p class="totop"><a href="#summary">back to summary</a></p>
<h3 id="m27">freeCrm.testCases.ContactsPageTest#validateContactsPageLabelTest</h3><table class="result"><tr><th class="invisible"/></tr></table><p class="totop"><a href="#summary">back to summary</a></p>
</body>
</html>
