<?xml version="1.0" encoding="UTF-8"?>
<!-- Generated by org.testng.reporters.JUnitReportReporter -->
<testsuite skipped="4" hostname="Utpal" name="freeCrm.testCases.LoginPageTest" tests="5" failures="0" timestamp="2019-12-21T12:17:58 IST" time="6.603" errors="1">
  <testcase name="setUp" time="6.603" classname="freeCrm.testCases.LoginPageTest">
    <error type="org.openqa.selenium.SessionNotCreatedException" message="session not created: This version of ChromeDriver only supports Chrome version 77
Build info: version: &#039;3.141.59&#039;, revision: &#039;e82be7d358&#039;, time: &#039;2018-11-14T08:17:03&#039;
System info: host: &#039;UTPAL&#039;, ip: &#039;192.168.225.196&#039;, os.name: &#039;Windows 10&#039;, os.arch: &#039;amd64&#039;, os.version: &#039;10.0&#039;, java.version: &#039;1.8.0_212&#039;
Driver info: driver.version: ChromeDriver
remote stacktrace: Backtrace:
	Ordinal0 [0x00D4EB13+1501971]
	Ordinal0 [0x00CCF6D1+980689]
	Ordinal0 [0x00C5765F+489055]
	Ordinal0 [0x00BEF2F4+62196]
	Ordinal0 [0x00BEBCDA+48346]
	Ordinal0 [0x00C09800+169984]
	Ordinal0 [0x00C0942D+169005]
	Ordinal0 [0x00C078EB+162027]
	Ordinal0 [0x00BF0AC7+68295]
	Ordinal0 [0x00BF1B40+72512]
	Ordinal0 [0x00BF1AD9+72409]
	Ordinal0 [0x00CE8F37+1085239]
	GetHandleVerifier [0x00DED7ED+503293]
	GetHandleVerifier [0x00DED580+502672]
	GetHandleVerifier [0x00DF46AC+531644]
	GetHandleVerifier [0x00DEDFFA+505354]
	Ordinal0 [0x00CE0606+1050118]
	Ordinal0 [0x00CE047F+1049727]
	Ordinal0 [0x00CEAF9B+1093531]
	Ordinal0 [0x00CEB103+1093891]
	Ordinal0 [0x00CEA095+1089685]
	BaseThreadInitThunk [0x76696359+25]
	RtlGetAppContainerNamedObjectPath [0x77377B74+228]
	RtlGetAppContainerNamedObjectPath [0x77377B44+180]
">
      <![CDATA[org.openqa.selenium.SessionNotCreatedException: session not created: This version of ChromeDriver only supports Chrome version 77
Build info: version: '3.141.59', revision: 'e82be7d358', time: '2018-11-14T08:17:03'
System info: host: 'UTPAL', ip: '192.168.225.196', os.name: 'Windows 10', os.arch: 'amd64', os.version: '10.0', java.version: '1.8.0_212'
Driver info: driver.version: ChromeDriver
remote stacktrace: Backtrace:
Ordinal0 [0x00D4EB13+1501971]
Ordinal0 [0x00CCF6D1+980689]
Ordinal0 [0x00C5765F+489055]
Ordinal0 [0x00BEF2F4+62196]
Ordinal0 [0x00BEBCDA+48346]
Ordinal0 [0x00C09800+169984]
Ordinal0 [0x00C0942D+169005]
Ordinal0 [0x00C078EB+162027]
Ordinal0 [0x00BF0AC7+68295]
Ordinal0 [0x00BF1B40+72512]
Ordinal0 [0x00BF1AD9+72409]
Ordinal0 [0x00CE8F37+1085239]
GetHandleVerifier [0x00DED7ED+503293]
GetHandleVerifier [0x00DED580+502672]
GetHandleVerifier [0x00DF46AC+531644]
GetHandleVerifier [0x00DEDFFA+505354]
Ordinal0 [0x00CE0606+1050118]
Ordinal0 [0x00CE047F+1049727]
Ordinal0 [0x00CEAF9B+1093531]
Ordinal0 [0x00CEB103+1093891]
Ordinal0 [0x00CEA095+1089685]
BaseThreadInitThunk [0x76696359+25]
RtlGetAppContainerNamedObjectPath [0x77377B74+228]
RtlGetAppContainerNamedObjectPath [0x77377B44+180]

at sun.reflect.NativeConstructorAccessorImpl.newInstance0(Native Method)
at sun.reflect.NativeConstructorAccessorImpl.newInstance(Unknown Source)
at sun.reflect.DelegatingConstructorAccessorImpl.newInstance(Unknown Source)
at java.lang.reflect.Constructor.newInstance(Unknown Source)
at org.openqa.selenium.remote.W3CHandshakeResponse.lambda$errorHandler$0(W3CHandshakeResponse.java:62)
at org.openqa.selenium.remote.HandshakeResponse.lambda$getResponseFunction$0(HandshakeResponse.java:30)
at org.openqa.selenium.remote.ProtocolHandshake.lambda$createSession$0(ProtocolHandshake.java:126)
at java.util.stream.ReferencePipeline$3$1.accept(Unknown Source)
at java.util.Spliterators$ArraySpliterator.tryAdvance(Unknown Source)
at java.util.stream.ReferencePipeline.forEachWithCancel(Unknown Source)
at java.util.stream.AbstractPipeline.copyIntoWithCancel(Unknown Source)
at java.util.stream.AbstractPipeline.copyInto(Unknown Source)
at java.util.stream.AbstractPipeline.wrapAndCopyInto(Unknown Source)
at java.util.stream.FindOps$FindOp.evaluateSequential(Unknown Source)
at java.util.stream.AbstractPipeline.evaluate(Unknown Source)
at java.util.stream.ReferencePipeline.findFirst(Unknown Source)
at org.openqa.selenium.remote.ProtocolHandshake.createSession(ProtocolHandshake.java:128)
at org.openqa.selenium.remote.ProtocolHandshake.createSession(ProtocolHandshake.java:74)
at org.openqa.selenium.remote.HttpCommandExecutor.execute(HttpCommandExecutor.java:136)
at org.openqa.selenium.remote.service.DriverCommandExecutor.execute(DriverCommandExecutor.java:83)
at org.openqa.selenium.remote.RemoteWebDriver.execute(RemoteWebDriver.java:552)
at org.openqa.selenium.remote.RemoteWebDriver.startSession(RemoteWebDriver.java:213)
at org.openqa.selenium.remote.RemoteWebDriver.<init>(RemoteWebDriver.java:131)
at org.openqa.selenium.chrome.ChromeDriver.<init>(ChromeDriver.java:181)
at org.openqa.selenium.chrome.ChromeDriver.<init>(ChromeDriver.java:168)
at org.openqa.selenium.chrome.ChromeDriver.<init>(ChromeDriver.java:123)
at freeCrm.base.BaseClassTest.init(BaseClassTest.java:37)
at freeCrm.testCases.LoginPageTest.setUp(LoginPageTest.java:26)
at sun.reflect.NativeMethodAccessorImpl.invoke0(Native Method)
at sun.reflect.NativeMethodAccessorImpl.invoke(Unknown Source)
at sun.reflect.DelegatingMethodAccessorImpl.invoke(Unknown Source)
at java.lang.reflect.Method.invoke(Unknown Source)
at org.testng.internal.MethodInvocationHelper.invokeMethod(MethodInvocationHelper.java:133)
at org.testng.internal.MethodInvocationHelper.invokeMethodConsideringTimeout(MethodInvocationHelper.java:62)
at org.testng.internal.ConfigInvoker.invokeConfigurationMethod(ConfigInvoker.java:340)
at org.testng.internal.ConfigInvoker.invokeConfigurations(ConfigInvoker.java:294)
at org.testng.internal.TestInvoker.runConfigMethods(TestInvoker.java:683)
at org.testng.internal.TestInvoker.invokeMethod(TestInvoker.java:510)
at org.testng.internal.TestInvoker.invokeTestMethod(TestInvoker.java:172)
at org.testng.internal.MethodRunner.runInSequence(MethodRunner.java:46)
at org.testng.internal.TestInvoker$MethodInvocationAgent.invoke(TestInvoker.java:804)
at org.testng.internal.TestInvoker.invokeTestMethods(TestInvoker.java:145)
at org.testng.internal.TestMethodWorker.invokeTestMethods(TestMethodWorker.java:146)
at org.testng.internal.TestMethodWorker.run(TestMethodWorker.java:128)
at java.util.ArrayList.forEach(Unknown Source)
at org.testng.TestRunner.privateRun(TestRunner.java:770)
at org.testng.TestRunner.run(TestRunner.java:591)
at org.testng.SuiteRunner.runTest(SuiteRunner.java:402)
at org.testng.SuiteRunner.runSequentially(SuiteRunner.java:396)
at org.testng.SuiteRunner.privateRun(SuiteRunner.java:355)
at org.testng.SuiteRunner.run(SuiteRunner.java:304)
at org.testng.SuiteRunnerWorker.runSuite(SuiteRunnerWorker.java:53)
at org.testng.SuiteRunnerWorker.run(SuiteRunnerWorker.java:96)
at org.testng.TestNG.runSuitesSequentially(TestNG.java:1180)
at org.testng.TestNG.runSuitesLocally(TestNG.java:1102)
at org.testng.TestNG.runSuites(TestNG.java:1032)
at org.testng.TestNG.run(TestNG.java:1000)
at org.testng.remote.AbstractRemoteTestNG.run(AbstractRemoteTestNG.java:115)
at org.testng.remote.RemoteTestNG.initAndRun(RemoteTestNG.java:251)
at org.testng.remote.RemoteTestNG.main(RemoteTestNG.java:77)
]]>
    </error>
  </testcase> <!-- setUp -->
  <testcase name="loginPageTitleTest" time="0.000" classname="freeCrm.testCases.LoginPageTest">
    <skipped/>
  </testcase> <!-- loginPageTitleTest -->
  <testcase name="crmLogoTest" time="0.000" classname="freeCrm.testCases.LoginPageTest">
    <skipped/>
  </testcase> <!-- crmLogoTest -->
  <testcase name="signUpLinkTest" time="0.000" classname="freeCrm.testCases.LoginPageTest">
    <skipped/>
  </testcase> <!-- signUpLinkTest -->
  <testcase name="loginTest" time="0.000" classname="freeCrm.testCases.LoginPageTest">
    <skipped/>
  </testcase> <!-- loginTest -->
</testsuite> <!-- freeCrm.testCases.LoginPageTest -->
